Unhandled rejection HeadlessError: Phantom Process died
    at poll_func (E:\HorseMan\node_modules\node-phantom-simple\node-phantom-simple.js:584:10)
    at E:\HorseMan\node_modules\node-phantom-simple\node-phantom-simple.js:52:7
    at ClientRequest.<anonymous> (E:\HorseMan\node_modules\node-phantom-simple\node-phantom-simple.js:501:11)
    at emitOne (events.js:96:13)
    at ClientRequest.emit (events.js:188:7)
    at Socket.socketErrorListener (_http_client.js:308:9)
    at emitOne (events.js:96:13)
    at Socket.emit (events.js:188:7)
    at emitErrorNT (net.js:1271:8)
    at _combinedTickCallback (internal/process/next_tick.js:74:11)
    at process._tickCallback (internal/process/next_tick.js:98:9)
Unhandled rejection HeadlessError: Phantom Process died
    at poll_func (E:\HorseMan\node_modules\node-phantom-simple\node-phantom-simple.js:584:10)
    at E:\HorseMan\node_modules\node-phantom-simple\node-phantom-simple.js:52:7
    at ClientRequest.<anonymous> (E:\HorseMan\node_modules\node-phantom-simple\node-phantom-simple.js:501:11)
    at emitOne (events.js:96:13)
    at ClientRequest.emit (events.js:188:7)
    at Socket.socketErrorListener (_http_client.js:308:9)
    at emitOne (events.js:96:13)
    at Socket.emit (events.js:188:7)
    at emitErrorNT (net.js:1271:8)
    at _combinedTickCallback (internal/process/next_tick.js:74:11)
    at process._tickCallback (internal/process/next_tick.js:98:9)
Unhandled rejection HeadlessError: Phantom Process died
    at poll_func (E:\HorseMan\node_modules\node-phantom-simple\node-phantom-simple.js:584:10)
    at E:\HorseMan\node_modules\node-phantom-simple\node-phantom-simple.js:52:7
    at ClientRequest.<anonymous> (E:\HorseMan\node_modules\node-phantom-simple\node-phantom-simple.js:501:11)
    at emitOne (events.js:96:13)
    at ClientRequest.emit (events.js:188:7)
    at Socket.socketErrorListener (_http_client.js:308:9)
    at emitOne (events.js:96:13)
    at Socket.emit (events.js:188:7)
    at emitErrorNT (net.js:1271:8)
    at _combinedTickCallback (internal/process/next_tick.js:74:11)
    at process._tickCallback (internal/process/next_tick.js:98:9)
Unhandled rejection HeadlessError: Phantom Process died
    at poll_func (E:\HorseMan\node_modules\node-phantom-simple\node-phantom-simple.js:584:10)
    at E:\HorseMan\node_modules\node-phantom-simple\node-phantom-simple.js:52:7
    at ClientRequest.<anonymous> (E:\HorseMan\node_modules\node-phantom-simple\node-phantom-simple.js:506:9)
    at emitOne (events.js:96:13)
    at ClientRequest.emit (events.js:188:7)
    at Socket.socketErrorListener (_http_client.js:308:9)
    at emitOne (events.js:96:13)
    at Socket.emit (events.js:188:7)
    at emitErrorNT (net.js:1271:8)
    at _combinedTickCallback (internal/process/next_tick.js:74:11)
    at process._tickCallback (internal/process/next_tick.js:98:9)
Unhandled rejection HeadlessError: Phantom Process died
    at poll_func (E:\HorseMan\node_modules\node-phantom-simple\node-phantom-simple.js:584:10)
    at E:\HorseMan\node_modules\node-phantom-simple\node-phantom-simple.js:52:7
    at ClientRequest.<anonymous> (E:\HorseMan\node_modules\node-phantom-simple\node-phantom-simple.js:501:11)
    at emitOne (events.js:96:13)
    at ClientRequest.emit (events.js:188:7)
    at Socket.socketErrorListener (_http_client.js:308:9)
    at emitOne (events.js:96:13)
    at Socket.emit (events.js:188:7)
    at emitErrorNT (net.js:1271:8)
    at _combinedTickCallback (internal/process/next_tick.js:74:11)
    at process._tickCallback (internal/process/next_tick.js:98:9)
Unhandled rejection HeadlessError: Phantom Process died
    at poll_func (E:\HorseMan\node_modules\node-phantom-simple\node-phantom-simple.js:584:10)
    at E:\HorseMan\node_modules\node-phantom-simple\node-phantom-simple.js:52:7
    at ClientRequest.<anonymous> (E:\HorseMan\node_modules\node-phantom-simple\node-phantom-simple.js:501:11)
    at emitOne (events.js:96:13)
    at ClientRequest.emit (events.js:188:7)
    at Socket.socketErrorListener (_http_client.js:308:9)
    at emitOne (events.js:96:13)
    at Socket.emit (events.js:188:7)
    at emitErrorNT (net.js:1271:8)
    at _combinedTickCallback (internal/process/next_tick.js:74:11)
    at process._tickCallback (internal/process/next_tick.js:98:9)
